Flow report for aff_secondes
Fri Mar 10 20:07:42 2017
Quartus II 64-Bit Version 13.0.1 Build 232 06/12/2013 Service Pack 1 SJ Web Edition


---------------------
; Table of Contents ;
---------------------
  1. Legal Notice
  2. Flow Summary
  3. Flow Settings
  4. Flow Non-Default Global Settings
  5. Flow Elapsed Time
  6. Flow OS Summary
  7. Flow Log
  8. Flow Messages
  9. Flow Suppressed Messages



----------------
; Legal Notice ;
----------------
Copyright (C) 1991-2013 Altera Corporation
Your use of Altera Corporation's design tools, logic functions 
and other software and tools, and its AMPP partner logic 
functions, and any output files from any of the foregoing 
(including device programming or simulation files), and any 
associated documentation or information are expressly subject 
to the terms and conditions of the Altera Program License 
Subscription Agreement, Altera MegaCore Function License 
Agreement, or other applicable license agreement, including, 
without limitation, that your use is for the sole purpose of 
programming logic devices manufactured by Altera and sold by 
Altera or its authorized distributors.  Please refer to the 
applicable agreement for further details.



+--------------------------------------------------------------------------------------+
; Flow Summary                                                                         ;
+------------------------------------+-------------------------------------------------+
; Flow Status                        ; Successful - Fri Mar 10 20:07:40 2017           ;
; Quartus II 64-Bit Version          ; 13.0.1 Build 232 06/12/2013 SP 1 SJ Web Edition ;
; Revision Name                      ; aff_secondes                                    ;
; Top-level Entity Name              ; aff_secondes                                    ;
; Family                             ; Cyclone II                                      ;
; Device                             ; EP2C20F484C7                                    ;
; Timing Models                      ; Final                                           ;
; Total logic elements               ; 80 / 18,752 ( < 1 % )                           ;
;     Total combinational functions  ; 80 / 18,752 ( < 1 % )                           ;
;     Dedicated logic registers      ; 41 / 18,752 ( < 1 % )                           ;
; Total registers                    ; 41                                              ;
; Total pins                         ; 17 / 315 ( 5 % )                                ;
; Total virtual pins                 ; 0                                               ;
; Total memory bits                  ; 0 / 239,616 ( 0 % )                             ;
; Embedded Multiplier 9-bit elements ; 0 / 52 ( 0 % )                                  ;
; Total PLLs                         ; 0 / 4 ( 0 % )                                   ;
+------------------------------------+-------------------------------------------------+


+-----------------------------------------+
; Flow Settings                           ;
+-------------------+---------------------+
; Option            ; Setting             ;
+-------------------+---------------------+
; Start date & time ; 03/10/2017 20:07:32 ;
; Main task         ; Compilation         ;
; Revision Name     ; aff_secondes        ;
+-------------------+---------------------+


+-----------------------------------------------------------------------------------------------------------------------------------------------------+
; Flow Non-Default Global Settings                                                                                                                    ;
+-------------------------------------+--------------------------------------------------------------------+---------------+-------------+------------+
; Assignment Name                     ; Value                                                              ; Default Value ; Entity Name ; Section Id ;
+-------------------------------------+--------------------------------------------------------------------+---------------+-------------+------------+
; COMPILER_SIGNATURE_ID               ; 31573044677538.148917285208792                                     ; --            ; --          ; --         ;
; ENABLE_SIGNALTAP                    ; On                                                                 ; --            ; --          ; --         ;
; MAX_CORE_JUNCTION_TEMP              ; 85                                                                 ; --            ; --          ; --         ;
; MIN_CORE_JUNCTION_TEMP              ; 0                                                                  ; --            ; --          ; --         ;
; PARTITION_COLOR                     ; 16764057                                                           ; --            ; --          ; Top        ;
; PARTITION_FITTER_PRESERVATION_LEVEL ; PLACEMENT_AND_ROUTING                                              ; --            ; --          ; Top        ;
; PARTITION_NETLIST_TYPE              ; SOURCE                                                             ; --            ; --          ; Top        ;
; POWER_BOARD_THERMAL_MODEL           ; None (CONSERVATIVE)                                                ; --            ; --          ; --         ;
; POWER_PRESET_COOLING_SOLUTION       ; 23 MM HEAT SINK WITH 200 LFPM AIRFLOW                              ; --            ; --          ; --         ;
; PROJECT_OUTPUT_DIRECTORY            ; output_files                                                       ; --            ; --          ; --         ;
; SLD_FILE                            ; C:/Users/Ghaith/Documents/VHDL/output_files/stp1_auto_stripped.stp ; --            ; --          ; --         ;
; USE_SIGNALTAP_FILE                  ; output_files/stp1.stp                                              ; --            ; --          ; --         ;
+-------------------------------------+--------------------------------------------------------------------+---------------+-------------+------------+


+-------------------------------------------------------------------------------------------------------------------------------+
; Flow Elapsed Time                                                                                                             ;
+---------------------------+--------------+-------------------------+---------------------+------------------------------------+
; Module Name               ; Elapsed Time ; Average Processors Used ; Peak Virtual Memory ; Total CPU Time (on all processors) ;
+---------------------------+--------------+-------------------------+---------------------+------------------------------------+
; Analysis & Synthesis      ; 00:00:02     ; 1.0                     ; 528 MB              ; 00:00:01                           ;
; Fitter                    ; 00:00:04     ; 1.0                     ; 733 MB              ; 00:00:04                           ;
; Assembler                 ; 00:00:01     ; 1.0                     ; 435 MB              ; 00:00:01                           ;
; TimeQuest Timing Analyzer ; 00:00:01     ; 1.0                     ; 428 MB              ; 00:00:01                           ;
; Total                     ; 00:00:08     ; --                      ; --                  ; 00:00:07                           ;
+---------------------------+--------------+-------------------------+---------------------+------------------------------------+


+----------------------------------------------------------------------------------------+
; Flow OS Summary                                                                        ;
+---------------------------+------------------+-----------+------------+----------------+
; Module Name               ; Machine Hostname ; OS Name   ; OS Version ; Processor type ;
+---------------------------+------------------+-----------+------------+----------------+
; Analysis & Synthesis      ; DESKTOP-VC1UCIM  ; Windows 7 ; 6.2        ; x86_64         ;
; Fitter                    ; DESKTOP-VC1UCIM  ; Windows 7 ; 6.2        ; x86_64         ;
; Assembler                 ; DESKTOP-VC1UCIM  ; Windows 7 ; 6.2        ; x86_64         ;
; TimeQuest Timing Analyzer ; DESKTOP-VC1UCIM  ; Windows 7 ; 6.2        ; x86_64         ;
+---------------------------+------------------+-----------+------------+----------------+


------------
; Flow Log ;
------------
quartus_map --read_settings_files=on --write_settings_files=off aff_secondes -c aff_secondes
quartus_fit --read_settings_files=off --write_settings_files=off aff_secondes -c aff_secondes
quartus_asm --read_settings_files=off --write_settings_files=off aff_secondes -c aff_secondes
quartus_sta aff_secondes -c aff_secondes



